<?xml version="1.0" encoding="UTF-8"?>
<!-- Generated by org.testng.reporters.JUnitReportReporter -->
<testsuite skipped="0" hostname="DESKTOP-TNE954T" name="com.restAPi.Sample" tests="1" failures="0" timestamp="09 Jun 2022 11:52:07 GMT" time="2.341" errors="0">
  <testcase name="login" time="2.341" classname="com.restAPi.Sample"/>
</testsuite> <!-- com.restAPi.Sample -->
